<?xml version="1.0" encoding="UTF-8"?>
<!-- Generated by org.testng.reporters.JUnitReportReporter -->
<testsuite skipped="0" hostname="jajit-z01" name="seleniumex.TestNGorder" tests="1" failures="0" timestamp="2022-06-13T12:38:44 IST" time="0.014" errors="0">
  <testcase name="test" time="0.014" classname="seleniumex.TestNGorder"/>
</testsuite> <!-- seleniumex.TestNGorder -->
