<?xml version="1.0" encoding="UTF-8"?>
<!-- Generated by org.testng.reporters.JUnitReportReporter -->
<testsuite skipped="0" hostname="jajit-z01" name="testng.TestNG1" tests="1" failures="0" timestamp="2022-01-24T17:51:37 IST" time="22.901" errors="0">
  <testcase name="setUp" time="22.901" classname="testng.TestNG1"/>
</testsuite> <!-- testng.TestNG1 -->
