<?xml version="1.0" encoding="UTF-8"?>
<!-- Generated by org.testng.reporters.JUnitReportReporter -->
<testsuite skipped="0" hostname="jajit-z01" name="pavanonlinetraining.DataproviderExample" tests="2" failures="0" timestamp="2022-06-20T09:16:03 IST" time="0.020" errors="0">
  <testcase name="loginTest" time="0.002" classname="pavanonlinetraining.DataproviderExample"/>
  <testcase name="loginTest" time="0.018" classname="pavanonlinetraining.DataproviderExample"/>
</testsuite> <!-- pavanonlinetraining.DataproviderExample -->
